<?xml version="1.0" encoding="UTF-8"?>
<!-- Generated by org.testng.reporters.JUnitReportReporter -->
<testsuite hostname="Rajkumars-MBP" failures="0" tests="2" name="Test.DesiredCapabilitiesDemo" time="0.695" errors="0" timestamp="2021-06-15T17:14:55 BST" skipped="0">
  <testcase classname="Test.DesiredCapabilitiesDemo" name="test2" time="0.210"/>
  <system-out/>
  <testcase classname="Test.DesiredCapabilitiesDemo" name="test1" time="0.485"/>
  <system-out/>
</testsuite> <!-- Test.DesiredCapabilitiesDemo -->
