<?xml version="1.0" encoding="UTF-8"?>
<!-- Generated by org.testng.reporters.JUnitReportReporter -->
<testsuite hostname="Rajkumars-MBP" failures="0" tests="3" name="Test.PriorityTestDemo" time="0.008" errors="0" timestamp="2021-06-18T12:15:13 BST" skipped="0">
  <testcase classname="Test.PriorityTestDemo" name="tast1" time="0.007"/>
  <system-out/>
  <testcase classname="Test.PriorityTestDemo" name="tbst3" time="0.001"/>
  <system-out/>
  <testcase classname="Test.PriorityTestDemo" name="tcst2" time="0.000"/>
  <system-out/>
</testsuite> <!-- Test.PriorityTestDemo -->
