<?xml version="1.0" encoding="UTF-8"?>
<!-- Generated by org.testng.reporters.JUnitReportReporter -->
<testsuite hostname="Rajkumars-MBP" failures="0" tests="4" name="Test.TestNGGroupDemo" time="0.003" errors="0" timestamp="2021-06-18T18:50:49 BST" skipped="0">
  <testcase classname="Test.TestNGGroupDemo" name="test2" time="0.001"/>
  <system-out/>
  <testcase classname="Test.TestNGGroupDemo" name="test1" time="0.000"/>
  <system-out/>
  <testcase classname="Test.TestNGGroupDemo" name="test3" time="0.001"/>
  <system-out/>
  <testcase classname="Test.TestNGGroupDemo" name="test4" time="0.001"/>
  <system-out/>
</testsuite> <!-- Test.TestNGGroupDemo -->
