<?xml version="1.0" encoding="UTF-8"?>
<!-- Generated by org.testng.reporters.JUnitReportReporter -->
<testsuite hostname="Rajkumars-MBP" failures="0" tests="3" name="Utils.excelDataProvider" time="9.735" errors="0" timestamp="2021-06-17T20:01:58 BST" skipped="0">
  <testcase classname="Utils.excelDataProvider" name="test" time="3.426"/>
  <system-out/>
  <testcase classname="Utils.excelDataProvider" name="test" time="3.158"/>
  <system-out/>
  <testcase classname="Utils.excelDataProvider" name="test" time="3.151"/>
  <system-out/>
</testsuite> <!-- Utils.excelDataProvider -->
