<?xml version="1.0" encoding="UTF-8"?>
<!-- Generated by org.testng.reporters.JUnitReportReporter -->
<testsuite hostname="Rajkumars-MBP" failures="0" tests="2" name="Test.TestNgDemo2" time="13.881" errors="0" timestamp="2021-06-15T17:14:55 BST" skipped="0">
  <testcase classname="Test.TestNgDemo2" name="GoogleSearchtest3" time="7.153"/>
  <system-out/>
  <testcase classname="Test.TestNgDemo2" name="GoogleSearchtest4" time="6.728"/>
  <system-out/>
</testsuite> <!-- Test.TestNgDemo2 -->
