<?xml version="1.0" encoding="UTF-8"?>
<!-- Generated by org.testng.reporters.JUnitReportReporter -->
<testsuite hostname="Rajkumars-MBP" failures="0" tests="2" name="Test.TestParallelDemo" time="2.246" errors="0" timestamp="2021-06-18T13:26:07 BST" skipped="0">
  <testcase classname="Test.TestParallelDemo" name="test" time="1.729"/>
  <system-out/>
  <testcase classname="Test.TestParallelDemo" name="test" time="0.517"/>
  <system-out/>
</testsuite> <!-- Test.TestParallelDemo -->
