<?xml version="1.0" encoding="UTF-8"?>
<!-- Generated by org.testng.reporters.JUnitReportReporter -->
<testsuite hostname="Rajkumars-MBP" failures="0" tests="2" name="test.TestNgDemo" time="11.690" errors="0" timestamp="2021-06-15T18:42:52 BST" skipped="0">
  <testcase classname="test.TestNgDemo" name="GoogleSearchtest" time="6.352"/>
  <system-out/>
  <testcase classname="test.TestNgDemo" name="GoogleSearchtest1" time="5.338"/>
  <system-out/>
</testsuite> <!-- test.TestNgDemo -->
