<?xml version="1.0" encoding="UTF-8"?>
<!-- Generated by org.testng.reporters.JUnitReportReporter -->
<testsuite hostname="Rajkumars-MBP" failures="0" tests="3" name="Test.TestNGDependencytest" time="0.007" errors="0" timestamp="2021-06-18T18:50:49 BST" skipped="0">
  <testcase classname="Test.TestNGDependencytest" name="test1" time="0.006"/>
  <system-out/>
  <testcase classname="Test.TestNGDependencytest" name="test3" time="0.000"/>
  <system-out/>
  <testcase classname="Test.TestNGDependencytest" name="test2" time="0.001"/>
  <system-out/>
</testsuite> <!-- Test.TestNGDependencytest -->
