<?xml version="1.0" encoding="UTF-8"?>
<!-- Generated by org.testng.reporters.JUnitReportReporter -->
<testsuite hostname="Rajkumars-MBP" failures="0" tests="1" name="Test.TestNGParametersDemo" time="0.006" errors="0" timestamp="2021-06-18T17:10:02 BST" skipped="0">
  <testcase classname="Test.TestNGParametersDemo" name="test1" time="0.006"/>
  <system-out/>
</testsuite> <!-- Test.TestNGParametersDemo -->
